<?xml version="1.0" encoding="UTF-8"?>
<!-- Generated by org.testng.reporters.JUnitReportReporter -->
<testsuite hostname="abc-PC" name="demoTestNG.openFB" tests="2" failures="0" timestamp="19 Nov 2017 15:26:09 GMT" time="27.092" errors="0">
  <testcase name="FB" time="14.932" classname="demoTestNG.openFB"/>
  <testcase name="FB" time="12.160" classname="demoTestNG.openFB"/>
</testsuite> <!-- demoTestNG.openFB -->
