<?xml version="1.0" encoding="UTF-8"?>
<!-- Generated by org.testng.reporters.JUnitReportReporter -->
<testsuite hostname="abc-PC" name="demoTestNG.openYahoo" tests="2" failures="0" timestamp="19 Nov 2017 15:26:09 GMT" time="68.950" errors="0">
  <testcase name="yahoo" time="31.150" classname="demoTestNG.openYahoo"/>
  <testcase name="yahoo" time="37.800" classname="demoTestNG.openYahoo"/>
</testsuite> <!-- demoTestNG.openYahoo -->
