<?xml version="1.0" encoding="UTF-8"?>
<!-- Generated by org.testng.reporters.JUnitReportReporter -->
<testsuite hostname="abc-PC" name="demoTestNG.DummyTC" tests="2" failures="0" timestamp="5 Jul 2017 04:13:41 GMT" time="56.296" errors="0">
  <testcase name="f1" time="11.958" classname="demoTestNG.DummyTC"/>
  <testcase name="f2" time="44.338" classname="demoTestNG.DummyTC"/>
</testsuite> <!-- demoTestNG.DummyTC -->
