<?xml version="1.0" encoding="UTF-8"?>
<!-- Generated by org.testng.reporters.JUnitReportReporter -->
<testsuite hostname="abc-PC" name="demoTestNG.openGoogle" tests="2" failures="0" timestamp="19 Nov 2017 15:26:09 GMT" time="35.465" errors="0">
  <testcase name="google" time="19.244" classname="demoTestNG.openGoogle"/>
  <testcase name="google" time="16.221" classname="demoTestNG.openGoogle"/>
</testsuite> <!-- demoTestNG.openGoogle -->
