<?xml version="1.0" encoding="UTF-8"?>
<!-- Generated by org.testng.reporters.JUnitReportReporter -->
<testsuite hostname="abc-PC" name="testNg.ParalleltestExecution1" tests="6" failures="0" timestamp="7 Apr 2018 09:20:21 GMT" time="0.019" errors="0">
  <testcase name="tc_4" time="0.002" classname="testNg.ParalleltestExecution1"/>
  <testcase name="tc_4" time="0.003" classname="testNg.ParalleltestExecution1"/>
  <testcase name="tc_5" time="0.007" classname="testNg.ParalleltestExecution1"/>
  <testcase name="tc_6" time="0.002" classname="testNg.ParalleltestExecution1"/>
  <testcase name="tc_6" time="0.003" classname="testNg.ParalleltestExecution1"/>
  <testcase name="tc_5" time="0.002" classname="testNg.ParalleltestExecution1"/>
</testsuite> <!-- testNg.ParalleltestExecution1 -->
