<?xml version="1.0" encoding="UTF-8"?>
<!-- Generated by org.testng.reporters.JUnitReportReporter -->
<testsuite hostname="abc-PC" name="testNg.parallelTestExecution" tests="4" failures="0" timestamp="7 Apr 2018 09:20:21 GMT" time="20.394" errors="0">
  <testcase name="tc_2" time="6.096" classname="testNg.parallelTestExecution"/>
  <testcase name="tc_1" time="3.086" classname="testNg.parallelTestExecution"/>
  <testcase name="tc_2" time="7.664" classname="testNg.parallelTestExecution"/>
  <testcase name="tc_1" time="3.548" classname="testNg.parallelTestExecution"/>
</testsuite> <!-- testNg.parallelTestExecution -->
